Removed Pin From Net: NetName=+3.3 Pin=C2-1
Removed Pin From Net: NetName=+3.3 Pin=C3-1
Removed Pin From Net: NetName=+3.3 Pin=C4-1
Removed Pin From Net: NetName=+3.3 Pin=C5-1
Removed Pin From Net: NetName=+3.3 Pin=C5-2
Removed Pin From Net: NetName=+5 Pin=C6-1
Removed Pin From Net: NetName=+3.3 Pin=C6-2
Removed Pin From Net: NetName=+3.3 Pin=J6-5
Removed Pin From Net: NetName=+3.3 Pin=J7-2
Removed Pin From Net: NetName=+3.3 Pin=U1-21
Removed Pin From Net: NetName=+3.3 Pin=U2-1
Removed Pin From Net: NetName=+3.3 Pin=U3-1
Removed Pin From Net: NetName=+3.3 Pin=U4-1
Removed Pin From Net: NetName=+3.3 Pin=U4-10
Removed Member From Class: ClassName=Schematic F450 Member=C5
Removed Member From Class: ClassName=Schematic F450 Member=C6
Change Net Name : Old Net Name=+3.3 New Net Name=GND
Added Pin To Net: NetName=+3.3 Pin=C2-1
Added Pin To Net: NetName=+3.3 Pin=C3-1
Added Pin To Net: NetName=+3.3 Pin=C4-1
Added Pin To Net: NetName=+3.3 Pin=J6-5
Added Pin To Net: NetName=+3.3 Pin=U1-21
Added Pin To Net: NetName=+3.3 Pin=U2-1
Added Pin To Net: NetName=+3.3 Pin=U3-1
Added Pin To Net: NetName=+3.3 Pin=U4-1
Added Pin To Net: NetName=+3.3 Pin=U4-10
Added Net: Name=+3.3
Added Room: Name=Schematic F450
