Removed Pin From Net: NetName=NetJ6_4 Pin=U1-1
Removed Pin From Net: NetName=NetJ6_3 Pin=U1-2
Removed Pin From Net: NetName=NetU1_4 Pin=U2-3
Removed Pin From Net: NetName=NetU1_4 Pin=U3-3
Removed Pin From Net: NetName=NetU1_3 Pin=U3-4
Added Component: Designator=J7(WURTH_61300311121)
Add component (AddParameter): Name = "Availability"; Value = "Unavailable"; VariantName = "[No Variations]"
Add component (AddParameter): Name = "MF"; Value = ""; VariantName = "[No Variations]"
Add component (AddParameter): Name = "MP"; Value = "61300311121"; VariantName = "[No Variations]"
Add component (AddParameter): Name = "Package"; Value = "None"; VariantName = "[No Variations]"
Add component (AddParameter): Name = "Price"; Value = "None"; VariantName = "[No Variations]"
Add component (AddParameter): Name = "Value"; Value = ""; VariantName = "[No Variations]"
Added Pin To Net: NetName=NetJ5_1 Pin=J6-5
Added Pin To Net: NetName=NetJ5_2 Pin=J7-1
Added Pin To Net: NetName=NetJ5_1 Pin=J7-2
Added Pin To Net: NetName=NetJ6_4 Pin=U1-5
Added Pin To Net: NetName=NetJ6_3 Pin=U1-6
Added Pin To Net: NetName=NetJ5_1 Pin=U1-21
Added Pin To Net: NetName=NetJ5_2 Pin=U2-1
Added Pin To Net: NetName=NetU1_4 Pin=U2-6
Added Pin To Net: NetName=NetJ5_1 Pin=U3-1
Added Pin To Net: NetName=NetJ5_1 Pin=U3-6
Added Pin To Net: NetName=NetJ5_2 Pin=U3-7
Added Pin To Net: NetName=NetU1_18 Pin=U1-18
Added Pin To Net: NetName=NetU1_18 Pin=U3-3
Added Net: Name=NetU1_18
Added Pin To Net: NetName=NetU1_19 Pin=U1-19
Added Pin To Net: NetName=NetU1_19 Pin=U3-4
Added Net: Name=NetU1_19
Added Pin To Net: NetName=NetU1_32 Pin=U1-32
Added Pin To Net: NetName=NetU1_32 Pin=U2-3
Added Net: Name=NetU1_32
Added Pin To Net: NetName=NetU1_39 Pin=U1-39
Added Pin To Net: NetName=NetU1_39 Pin=U2-5
Added Net: Name=NetU1_39
Added Member To Class: ClassName=Schematic F450 Member=Component J7 iA6B
Added Room: Name=Schematic F450
